<?xml version="1.0" encoding="UTF-8"?>
<testsuite xmlns:xsi="http://www.w3.org/2001/XMLSchema-instance" xsi:noNamespaceSchemaLocation="https://maven.apache.org/surefire/maven-surefire-plugin/xsd/surefire-test-report.xsd" name="net.aydini.mom.util.String.StringUtilTests" time="0.026" tests="15" errors="0" skipped="0" failures="0">
  <properties>
    <property name="sun.desktop" value="gnome"/>
    <property name="awt.toolkit" value="sun.awt.X11.XToolkit"/>
    <property name="file.encoding.pkg" value="sun.io"/>
    <property name="java.specification.version" value="1.8"/>
    <property name="sun.cpu.isalist" value=""/>
    <property name="sun.jnu.encoding" value="UTF-8"/>
    <property name="java.class.path" value="/home/aydin/eclipse-workspace/mom/mom-util/target/test-classes:/home/aydin/eclipse-workspace/mom/mom-util/target/classes:/home/aydin/eclipse-workspace/mom/mom-common/target/mom-common-0.0.1-SNAPSHOT.jar:/home/aydin/.m2/repository/log4j/log4j/1.2.17/log4j-1.2.17.jar:/home/aydin/.m2/repository/org/junit/jupiter/junit-jupiter-engine/5.6.2/junit-jupiter-engine-5.6.2.jar:/home/aydin/.m2/repository/org/apiguardian/apiguardian-api/1.1.0/apiguardian-api-1.1.0.jar:/home/aydin/.m2/repository/org/junit/platform/junit-platform-engine/1.6.2/junit-platform-engine-1.6.2.jar:/home/aydin/.m2/repository/org/junit/jupiter/junit-jupiter-api/5.6.2/junit-jupiter-api-5.6.2.jar:/home/aydin/.m2/repository/org/opentest4j/opentest4j/1.2.0/opentest4j-1.2.0.jar:/home/aydin/.m2/repository/org/junit/platform/junit-platform-commons/1.6.2/junit-platform-commons-1.6.2.jar:/home/aydin/.m2/repository/org/junit/jupiter/junit-jupiter-params/5.6.2/junit-jupiter-params-5.6.2.jar:"/>
    <property name="java.vm.vendor" value="Oracle Corporation"/>
    <property name="sun.arch.data.model" value="64"/>
    <property name="java.vendor.url" value="http://java.oracle.com/"/>
    <property name="user.timezone" value=""/>
    <property name="java.vm.specification.version" value="1.8"/>
    <property name="os.name" value="Linux"/>
    <property name="user.country" value="US"/>
    <property name="sun.java.launcher" value="SUN_STANDARD"/>
    <property name="sun.boot.library.path" value="/opt/jdk/8/jre/lib/amd64"/>
    <property name="sun.java.command" value="/home/aydin/eclipse-workspace/mom/mom-util/target/surefire/surefirebooter3158288841309030445.jar /home/aydin/eclipse-workspace/mom/mom-util/target/surefire 2021-03-28T08-58-31_463-jvmRun1 surefire3646522851473558428tmp surefire_01346227170457783137tmp"/>
    <property name="surefire.test.class.path" value="/home/aydin/eclipse-workspace/mom/mom-util/target/test-classes:/home/aydin/eclipse-workspace/mom/mom-util/target/classes:/home/aydin/eclipse-workspace/mom/mom-common/target/mom-common-0.0.1-SNAPSHOT.jar:/home/aydin/.m2/repository/log4j/log4j/1.2.17/log4j-1.2.17.jar:/home/aydin/.m2/repository/org/junit/jupiter/junit-jupiter-engine/5.6.2/junit-jupiter-engine-5.6.2.jar:/home/aydin/.m2/repository/org/apiguardian/apiguardian-api/1.1.0/apiguardian-api-1.1.0.jar:/home/aydin/.m2/repository/org/junit/platform/junit-platform-engine/1.6.2/junit-platform-engine-1.6.2.jar:/home/aydin/.m2/repository/org/junit/jupiter/junit-jupiter-api/5.6.2/junit-jupiter-api-5.6.2.jar:/home/aydin/.m2/repository/org/opentest4j/opentest4j/1.2.0/opentest4j-1.2.0.jar:/home/aydin/.m2/repository/org/junit/platform/junit-platform-commons/1.6.2/junit-platform-commons-1.6.2.jar:/home/aydin/.m2/repository/org/junit/jupiter/junit-jupiter-params/5.6.2/junit-jupiter-params-5.6.2.jar:"/>
    <property name="sun.cpu.endian" value="little"/>
    <property name="user.home" value="/home/aydin"/>
    <property name="user.language" value="en"/>
    <property name="java.specification.vendor" value="Oracle Corporation"/>
    <property name="java.home" value="/opt/jdk/8/jre"/>
    <property name="basedir" value="/home/aydin/eclipse-workspace/mom/mom-util"/>
    <property name="file.separator" value="/"/>
    <property name="line.separator" value="&#10;"/>
    <property name="java.vm.specification.vendor" value="Oracle Corporation"/>
    <property name="java.specification.name" value="Java Platform API Specification"/>
    <property name="java.awt.graphicsenv" value="sun.awt.X11GraphicsEnvironment"/>
    <property name="surefire.real.class.path" value="/home/aydin/eclipse-workspace/mom/mom-util/target/surefire/surefirebooter3158288841309030445.jar:/home/aydin/.m2/repository/org/jacoco/org.jacoco.agent/0.8.5/org.jacoco.agent-0.8.5-runtime.jar"/>
    <property name="sun.boot.class.path" value="/opt/jdk/8/jre/lib/resources.jar:/opt/jdk/8/jre/lib/rt.jar:/opt/jdk/8/jre/lib/sunrsasign.jar:/opt/jdk/8/jre/lib/jsse.jar:/opt/jdk/8/jre/lib/jce.jar:/opt/jdk/8/jre/lib/charsets.jar:/opt/jdk/8/jre/lib/jfr.jar:/opt/jdk/8/jre/classes"/>
    <property name="sun.management.compiler" value="HotSpot 64-Bit Tiered Compilers"/>
    <property name="java.runtime.version" value="1.8.0_241-b07"/>
    <property name="user.name" value="aydin"/>
    <property name="path.separator" value=":"/>
    <property name="os.version" value="5.8.0-48-generic"/>
    <property name="java.endorsed.dirs" value="/opt/jdk/8/jre/lib/endorsed"/>
    <property name="java.runtime.name" value="Java(TM) SE Runtime Environment"/>
    <property name="file.encoding" value="UTF-8"/>
    <property name="java.vm.name" value="Java HotSpot(TM) 64-Bit Server VM"/>
    <property name="localRepository" value="/home/aydin/.m2/repository"/>
    <property name="java.vendor.url.bug" value="http://bugreport.sun.com/bugreport/"/>
    <property name="java.io.tmpdir" value="/tmp"/>
    <property name="java.version" value="1.8.0_241"/>
    <property name="user.dir" value="/home/aydin/eclipse-workspace/mom/mom-util"/>
    <property name="os.arch" value="amd64"/>
    <property name="java.vm.specification.name" value="Java Virtual Machine Specification"/>
    <property name="java.awt.printerjob" value="sun.print.PSPrinterJob"/>
    <property name="sun.os.patch.level" value="unknown"/>
    <property name="java.library.path" value="/usr/java/packages/lib/amd64:/usr/lib64:/lib64:/lib:/usr/lib"/>
    <property name="java.vm.info" value="mixed mode"/>
    <property name="java.vendor" value="Oracle Corporation"/>
    <property name="java.vm.version" value="25.241-b07"/>
    <property name="java.ext.dirs" value="/opt/jdk/8/jre/lib/ext:/usr/java/packages/lib/ext"/>
    <property name="sun.io.unicode.encoding" value="UnicodeLittle"/>
    <property name="java.class.version" value="52.0"/>
  </properties>
  <testcase name="toUpperFirstLetter_should_throw_NPE_on_null_input" classname="net.aydini.mom.util.String.StringUtilTests" time="0"/>
  <testcase name="toUpperFirstLetter_test{TestCase}[1]" classname="net.aydini.mom.util.String.StringUtilTests" time="0.002"/>
  <testcase name="toUpperFirstLetter_test{TestCase}[2]" classname="net.aydini.mom.util.String.StringUtilTests" time="0"/>
  <testcase name="toUpperFirstLetter_test{TestCase}[3]" classname="net.aydini.mom.util.String.StringUtilTests" time="0.001"/>
  <testcase name="toUpperFirstLetter_test{TestCase}[4]" classname="net.aydini.mom.util.String.StringUtilTests" time="0.002"/>
  <testcase name="toUpperFirstLetter_test{TestCase}[5]" classname="net.aydini.mom.util.String.StringUtilTests" time="0.001"/>
  <testcase name="toUpperFirstLetter_test{TestCase}[6]" classname="net.aydini.mom.util.String.StringUtilTests" time="0.001"/>
  <testcase name="toUpperFirstLetter_test{TestCase}[7]" classname="net.aydini.mom.util.String.StringUtilTests" time="0"/>
  <testcase name="toLowerFirstLetter_test{TestCase}[1]" classname="net.aydini.mom.util.String.StringUtilTests" time="0"/>
  <testcase name="toLowerFirstLetter_test{TestCase}[2]" classname="net.aydini.mom.util.String.StringUtilTests" time="0.001"/>
  <testcase name="toLowerFirstLetter_test{TestCase}[3]" classname="net.aydini.mom.util.String.StringUtilTests" time="0.001"/>
  <testcase name="toLowerFirstLetter_test{TestCase}[4]" classname="net.aydini.mom.util.String.StringUtilTests" time="0"/>
  <testcase name="toLowerFirstLetter_test{TestCase}[5]" classname="net.aydini.mom.util.String.StringUtilTests" time="0"/>
  <testcase name="toLowerFirstLetter_test{TestCase}[6]" classname="net.aydini.mom.util.String.StringUtilTests" time="0"/>
  <testcase name="toLowerFirstLetter_test{TestCase}[7]" classname="net.aydini.mom.util.String.StringUtilTests" time="0"/>
</testsuite>